<?xml version="1.0" encoding="UTF-8"?>
<!-- Generated by org.testng.reporters.JUnitReportReporter -->
<testsuite hostname="DESKTOP-QU3L8MS" failures="0" tests="1" name="PClass.ExcelWrite" time="1.136" errors="0" timestamp="2024-11-07T03:12:25 IST" skipped="0">
  <testcase classname="PClass.ExcelWrite" name="writedata" time="1.136"/>
</testsuite> <!-- PClass.ExcelWrite -->
