<?xml version="1.0" encoding="UTF-8"?>
<!-- Generated by org.testng.reporters.JUnitReportReporter -->
<testsuite hostname="DESKTOP-QU3L8MS" failures="0" tests="1" name="Api_Auto.getAllProducts" time="3.125" errors="0" timestamp="2024-11-04T13:59:57 IST" skipped="0">
  <testcase classname="Api_Auto.getAllProducts" name="loginScenario" time="3.125"/>
</testsuite> <!-- Api_Auto.getAllProducts -->
