<?xml version="1.0" encoding="UTF-8"?>
<!-- Generated by org.testng.reporters.JUnitReportReporter -->
<testsuite hostname="DESKTOP-QU3L8MS" failures="0" tests="1" name="Api_Auto.ShoppingCart" time="5.682" errors="0" timestamp="2024-11-07T03:57:53 IST" skipped="0">
  <testcase classname="Api_Auto.ShoppingCart" name="postProduct" time="5.682"/>
</testsuite> <!-- Api_Auto.ShoppingCart -->
